ISim log file
Running: E:\valencia\ETSE_GDSP-master - Copy\Matrix_for_RBM\MATRIX_MUL_IP_CORE_S_INT\TB_MATRIX_MUL_IP_CORE_S_INT_isim_beh.exe -intstyle ise -gui -tclbatch isim.cmd -wdb E:/valencia/ETSE_GDSP-master - Copy/Matrix_for_RBM/MATRIX_MUL_IP_CORE_S_INT/TB_MATRIX_MUL_IP_CORE_S_INT_isim_beh.wdb 
ISim P.20131013 (signature 0x8ef4fb42)
This is a Full version of ISim.
Time resolution is 1 ps
# onerror resume
# wave add /
# run 15000 ns
Simulator is doing circuit initialization process.
at 0 ps: Note: COLS number: 4 (/tb_matrix_mul_ip_core_s_int/).
at 0 ps: Note: ROWS number:4 (/tb_matrix_mul_ip_core_s_int/).
at 0 ps, Instance /tb_matrix_mul_ip_core_s_int/uut/FIRST_DSP/U0/ : Warning: NUMERIC_STD.TO_INTEGER: metavalue detected, returning 0
at 0 ps, Instance /tb_matrix_mul_ip_core_s_int/uut/\block_a_dsp_gen(1)\/DSP/U0/ : Warning: NUMERIC_STD.TO_INTEGER: metavalue detected, returning 0
at 0 ps, Instance /tb_matrix_mul_ip_core_s_int/uut/\block_a_dsp_gen(2)\/DSP/U0/ : Warning: NUMERIC_STD.TO_INTEGER: metavalue detected, returning 0
at 0 ps, Instance /tb_matrix_mul_ip_core_s_int/uut/\block_a_dsp_gen(3)\/DSP/U0/ : Warning: NUMERIC_STD.TO_INTEGER: metavalue detected, returning 0
Finished circuit initialization process.
at 5 ns(1), Instance /tb_matrix_mul_ip_core_s_int/uut/\block_a_mem_gen(0)\/MEMA/ : Warning: NUMERIC_STD.">": metavalue detected, returning FALSE
at 5 ns(1), Instance /tb_matrix_mul_ip_core_s_int/uut/\block_a_mem_gen(0)\/MEMA/ : Warning: NUMERIC_STD.TO_INTEGER: metavalue detected, returning 0
at 5 ns(1), Instance /tb_matrix_mul_ip_core_s_int/uut/\block_a_mem_gen(0)\/MEMA/BMG_PORT/U0/native_mem_module/mem_module/ : Warning: There is an 'U'|'X'|'W'|'Z'|'-' in an arithmetic operand, the result will be 'X'(es).
at 5 ns(1), Instance /tb_matrix_mul_ip_core_s_int/uut/\block_a_mem_gen(0)\/MEMA/BMG_PORT/U0/native_mem_module/mem_module/ : Warning: CONV_INTEGER: There is an 'U'|'X'|'W'|'Z'|'-' in an arithmetic operand, and it has been converted to 0.
at 5 ns(1): Note: Block Memory Generator CORE Generator module is using a behavioral model FOR simulation which will not precisely model memory collision behavior. (/tb_matrix_mul_ip_core_s_int/uut/\block_a_mem_gen(0)\/MEMA/BMG_PORT/U0/native_mem_module/mem_module/).
at 5 ns(1), Instance /tb_matrix_mul_ip_core_s_int/uut/\block_a_mem_gen(0)\/MEMA/BMG_PORT/U0/native_mem_module/mem_module/ : Warning: CONV_INTEGER: There is an 'U'|'X'|'W'|'Z'|'-' in an arithmetic operand, and it has been converted to 0.
at 5 ns(1), Instance /tb_matrix_mul_ip_core_s_int/uut/\block_a_mem_gen(0)\/MEMA/BMG_PORT/U0/native_mem_module/mem_module/ : Warning: CONV_INTEGER: There is an 'U'|'X'|'W'|'Z'|'-' in an arithmetic operand, and it has been converted to 0.
at 5 ns(1), Instance /tb_matrix_mul_ip_core_s_int/uut/\block_a_mem_gen(0)\/MEMA/BMG_PORT/U0/native_mem_module/mem_module/ : Warning: CONV_INTEGER: There is an 'U'|'X'|'W'|'Z'|'-' in an arithmetic operand, and it has been converted to 0.
at 5 ns(1), Instance /tb_matrix_mul_ip_core_s_int/uut/\block_a_mem_gen(1)\/MEMA/ : Warning: NUMERIC_STD.">": metavalue detected, returning FALSE
at 5 ns(1), Instance /tb_matrix_mul_ip_core_s_int/uut/\block_a_mem_gen(1)\/MEMA/ : Warning: NUMERIC_STD.TO_INTEGER: metavalue detected, returning 0
at 5 ns(1), Instance /tb_matrix_mul_ip_core_s_int/uut/\block_a_mem_gen(1)\/MEMA/BMG_PORT/U0/native_mem_module/mem_module/ : Warning: CONV_INTEGER: There is an 'U'|'X'|'W'|'Z'|'-' in an arithmetic operand, and it has been converted to 0.
at 5 ns(1): Note: Block Memory Generator CORE Generator module is using a behavioral model FOR simulation which will not precisely model memory collision behavior. (/tb_matrix_mul_ip_core_s_int/uut/\block_a_mem_gen(1)\/MEMA/BMG_PORT/U0/native_mem_module/mem_module/).
at 5 ns(1), Instance /tb_matrix_mul_ip_core_s_int/uut/\block_a_mem_gen(1)\/MEMA/BMG_PORT/U0/native_mem_module/mem_module/ : Warning: CONV_INTEGER: There is an 'U'|'X'|'W'|'Z'|'-' in an arithmetic operand, and it has been converted to 0.
at 5 ns(1), Instance /tb_matrix_mul_ip_core_s_int/uut/\block_a_mem_gen(1)\/MEMA/BMG_PORT/U0/native_mem_module/mem_module/ : Warning: CONV_INTEGER: There is an 'U'|'X'|'W'|'Z'|'-' in an arithmetic operand, and it has been converted to 0.
at 5 ns(1), Instance /tb_matrix_mul_ip_core_s_int/uut/\block_a_mem_gen(1)\/MEMA/BMG_PORT/U0/native_mem_module/mem_module/ : Warning: CONV_INTEGER: There is an 'U'|'X'|'W'|'Z'|'-' in an arithmetic operand, and it has been converted to 0.
at 5 ns(1), Instance /tb_matrix_mul_ip_core_s_int/uut/\block_a_mem_gen(2)\/MEMA/ : Warning: NUMERIC_STD.">": metavalue detected, returning FALSE
at 5 ns(1), Instance /tb_matrix_mul_ip_core_s_int/uut/\block_a_mem_gen(2)\/MEMA/ : Warning: NUMERIC_STD.TO_INTEGER: metavalue detected, returning 0
at 5 ns(1), Instance /tb_matrix_mul_ip_core_s_int/uut/\block_a_mem_gen(2)\/MEMA/BMG_PORT/U0/native_mem_module/mem_module/ : Warning: CONV_INTEGER: There is an 'U'|'X'|'W'|'Z'|'-' in an arithmetic operand, and it has been converted to 0.
at 5 ns(1): Note: Block Memory Generator CORE Generator module is using a behavioral model FOR simulation which will not precisely model memory collision behavior. (/tb_matrix_mul_ip_core_s_int/uut/\block_a_mem_gen(2)\/MEMA/BMG_PORT/U0/native_mem_module/mem_module/).
at 5 ns(1), Instance /tb_matrix_mul_ip_core_s_int/uut/\block_a_mem_gen(2)\/MEMA/BMG_PORT/U0/native_mem_module/mem_module/ : Warning: CONV_INTEGER: There is an 'U'|'X'|'W'|'Z'|'-' in an arithmetic operand, and it has been converted to 0.
at 5 ns(1), Instance /tb_matrix_mul_ip_core_s_int/uut/\block_a_mem_gen(2)\/MEMA/BMG_PORT/U0/native_mem_module/mem_module/ : Warning: CONV_INTEGER: There is an 'U'|'X'|'W'|'Z'|'-' in an arithmetic operand, and it has been converted to 0.
at 5 ns(1), Instance /tb_matrix_mul_ip_core_s_int/uut/\block_a_mem_gen(2)\/MEMA/BMG_PORT/U0/native_mem_module/mem_module/ : Warning: CONV_INTEGER: There is an 'U'|'X'|'W'|'Z'|'-' in an arithmetic operand, and it has been converted to 0.
at 5 ns(1), Instance /tb_matrix_mul_ip_core_s_int/uut/\block_a_mem_gen(3)\/MEMA/ : Warning: NUMERIC_STD.">": metavalue detected, returning FALSE
at 5 ns(1), Instance /tb_matrix_mul_ip_core_s_int/uut/\block_a_mem_gen(3)\/MEMA/ : Warning: NUMERIC_STD.TO_INTEGER: metavalue detected, returning 0
at 5 ns(1), Instance /tb_matrix_mul_ip_core_s_int/uut/\block_a_mem_gen(3)\/MEMA/BMG_PORT/U0/native_mem_module/mem_module/ : Warning: CONV_INTEGER: There is an 'U'|'X'|'W'|'Z'|'-' in an arithmetic operand, and it has been converted to 0.
at 5 ns(1): Note: Block Memory Generator CORE Generator module is using a behavioral model FOR simulation which will not precisely model memory collision behavior. (/tb_matrix_mul_ip_core_s_int/uut/\block_a_mem_gen(3)\/MEMA/BMG_PORT/U0/native_mem_module/mem_module/).
at 5 ns(1), Instance /tb_matrix_mul_ip_core_s_int/uut/\block_a_mem_gen(3)\/MEMA/BMG_PORT/U0/native_mem_module/mem_module/ : Warning: CONV_INTEGER: There is an 'U'|'X'|'W'|'Z'|'-' in an arithmetic operand, and it has been converted to 0.
at 5 ns(1), Instance /tb_matrix_mul_ip_core_s_int/uut/\block_a_mem_gen(3)\/MEMA/BMG_PORT/U0/native_mem_module/mem_module/ : Warning: CONV_INTEGER: There is an 'U'|'X'|'W'|'Z'|'-' in an arithmetic operand, and it has been converted to 0.
at 5 ns(1), Instance /tb_matrix_mul_ip_core_s_int/uut/\block_a_mem_gen(3)\/MEMA/BMG_PORT/U0/native_mem_module/mem_module/ : Warning: CONV_INTEGER: There is an 'U'|'X'|'W'|'Z'|'-' in an arithmetic operand, and it has been converted to 0.
at 15 ns(1), Instance /tb_matrix_mul_ip_core_s_int/uut/\block_a_mem_gen(0)\/MEMA/ : Warning: NUMERIC_STD.TO_INTEGER: metavalue detected, returning 0
at 15 ns(1), Instance /tb_matrix_mul_ip_core_s_int/uut/\block_a_mem_gen(1)\/MEMA/ : Warning: NUMERIC_STD.TO_INTEGER: metavalue detected, returning 0
at 15 ns(1), Instance /tb_matrix_mul_ip_core_s_int/uut/\block_a_mem_gen(2)\/MEMA/ : Warning: NUMERIC_STD.TO_INTEGER: metavalue detected, returning 0
at 15 ns(1), Instance /tb_matrix_mul_ip_core_s_int/uut/\block_a_mem_gen(3)\/MEMA/ : Warning: NUMERIC_STD.TO_INTEGER: metavalue detected, returning 0
at 25 ns(1), Instance /tb_matrix_mul_ip_core_s_int/uut/\block_a_mem_gen(0)\/MEMA/ : Warning: NUMERIC_STD.TO_INTEGER: metavalue detected, returning 0
at 25 ns(1), Instance /tb_matrix_mul_ip_core_s_int/uut/\block_a_mem_gen(1)\/MEMA/ : Warning: NUMERIC_STD.TO_INTEGER: metavalue detected, returning 0
at 25 ns(1), Instance /tb_matrix_mul_ip_core_s_int/uut/\block_a_mem_gen(2)\/MEMA/ : Warning: NUMERIC_STD.TO_INTEGER: metavalue detected, returning 0
at 25 ns(1), Instance /tb_matrix_mul_ip_core_s_int/uut/\block_a_mem_gen(3)\/MEMA/ : Warning: NUMERIC_STD.TO_INTEGER: metavalue detected, returning 0
at 35 ns(1), Instance /tb_matrix_mul_ip_core_s_int/uut/\block_a_mem_gen(0)\/MEMA/ : Warning: NUMERIC_STD.TO_INTEGER: metavalue detected, returning 0
at 35 ns(1), Instance /tb_matrix_mul_ip_core_s_int/uut/\block_a_mem_gen(1)\/MEMA/ : Warning: NUMERIC_STD.TO_INTEGER: metavalue detected, returning 0
at 35 ns(1), Instance /tb_matrix_mul_ip_core_s_int/uut/\block_a_mem_gen(2)\/MEMA/ : Warning: NUMERIC_STD.TO_INTEGER: metavalue detected, returning 0
at 35 ns(1), Instance /tb_matrix_mul_ip_core_s_int/uut/\block_a_mem_gen(3)\/MEMA/ : Warning: NUMERIC_STD.TO_INTEGER: metavalue detected, returning 0
at 45 ns(1), Instance /tb_matrix_mul_ip_core_s_int/uut/\block_a_mem_gen(0)\/MEMA/ : Warning: NUMERIC_STD.TO_INTEGER: metavalue detected, returning 0
at 45 ns(1), Instance /tb_matrix_mul_ip_core_s_int/uut/\block_a_mem_gen(1)\/MEMA/ : Warning: NUMERIC_STD.TO_INTEGER: metavalue detected, returning 0
at 45 ns(1), Instance /tb_matrix_mul_ip_core_s_int/uut/\block_a_mem_gen(2)\/MEMA/ : Warning: NUMERIC_STD.TO_INTEGER: metavalue detected, returning 0
at 45 ns(1), Instance /tb_matrix_mul_ip_core_s_int/uut/\block_a_mem_gen(3)\/MEMA/ : Warning: NUMERIC_STD.TO_INTEGER: metavalue detected, returning 0
at 55 ns(1), Instance /tb_matrix_mul_ip_core_s_int/uut/\block_a_mem_gen(0)\/MEMA/ : Warning: NUMERIC_STD.TO_INTEGER: metavalue detected, returning 0
at 55 ns(1), Instance /tb_matrix_mul_ip_core_s_int/uut/\block_a_mem_gen(1)\/MEMA/ : Warning: NUMERIC_STD.TO_INTEGER: metavalue detected, returning 0
at 55 ns(1), Instance /tb_matrix_mul_ip_core_s_int/uut/\block_a_mem_gen(2)\/MEMA/ : Warning: NUMERIC_STD.TO_INTEGER: metavalue detected, returning 0
at 55 ns(1), Instance /tb_matrix_mul_ip_core_s_int/uut/\block_a_mem_gen(3)\/MEMA/ : Warning: NUMERIC_STD.TO_INTEGER: metavalue detected, returning 0
at 65 ns(1), Instance /tb_matrix_mul_ip_core_s_int/uut/\block_a_mem_gen(0)\/MEMA/ : Warning: NUMERIC_STD.TO_INTEGER: metavalue detected, returning 0
at 65 ns(1), Instance /tb_matrix_mul_ip_core_s_int/uut/\block_a_mem_gen(1)\/MEMA/ : Warning: NUMERIC_STD.TO_INTEGER: metavalue detected, returning 0
at 65 ns(1), Instance /tb_matrix_mul_ip_core_s_int/uut/\block_a_mem_gen(2)\/MEMA/ : Warning: NUMERIC_STD.TO_INTEGER: metavalue detected, returning 0
at 65 ns(1), Instance /tb_matrix_mul_ip_core_s_int/uut/\block_a_mem_gen(3)\/MEMA/ : Warning: NUMERIC_STD.TO_INTEGER: metavalue detected, returning 0
at 75 ns(1), Instance /tb_matrix_mul_ip_core_s_int/uut/\block_a_mem_gen(0)\/MEMA/ : Warning: NUMERIC_STD.TO_INTEGER: metavalue detected, returning 0
at 75 ns(1), Instance /tb_matrix_mul_ip_core_s_int/uut/\block_a_mem_gen(1)\/MEMA/ : Warning: NUMERIC_STD.TO_INTEGER: metavalue detected, returning 0
at 75 ns(1), Instance /tb_matrix_mul_ip_core_s_int/uut/\block_a_mem_gen(2)\/MEMA/ : Warning: NUMERIC_STD.TO_INTEGER: metavalue detected, returning 0
at 75 ns(1), Instance /tb_matrix_mul_ip_core_s_int/uut/\block_a_mem_gen(3)\/MEMA/ : Warning: NUMERIC_STD.TO_INTEGER: metavalue detected, returning 0
at 85 ns(1), Instance /tb_matrix_mul_ip_core_s_int/uut/\block_a_mem_gen(0)\/MEMA/ : Warning: NUMERIC_STD.TO_INTEGER: metavalue detected, returning 0
at 85 ns(1), Instance /tb_matrix_mul_ip_core_s_int/uut/\block_a_mem_gen(1)\/MEMA/ : Warning: NUMERIC_STD.TO_INTEGER: metavalue detected, returning 0
at 85 ns(1), Instance /tb_matrix_mul_ip_core_s_int/uut/\block_a_mem_gen(2)\/MEMA/ : Warning: NUMERIC_STD.TO_INTEGER: metavalue detected, returning 0
at 85 ns(1), Instance /tb_matrix_mul_ip_core_s_int/uut/\block_a_mem_gen(3)\/MEMA/ : Warning: NUMERIC_STD.TO_INTEGER: metavalue detected, returning 0
at 4845 ns(2), Instance /tb_matrix_mul_ip_core_s_int/ : Warning: NUMERIC_STD.TO_UNSIGNED: vector truncated
 ---------------BEGINNING OF SECTION (See end of Section for details)---------------
1         2         3         4         
8         5         6         7         
11        12        9         10        
14        15        16        13        
--------------- Data loaded into BRAM. 27 clock cycles to load,26 clock cycles to unload---------------
 
 ---------------BEGINNING OF SECTION (See end of Section for details)---------------
1         2         3         4         
8         5         6         7         
11        12        9         10        
14        15        16        13        
--------------- Data loaded into BRAM. 27 clock cycles to load,26 clock cycles to unload---------------
 
---------------BEGINNING OF SECTION (See end of Section for details)---------------
124       130       90        140       
364       320       318       246       
402       588       516       506       
694       558       812       712       
--------------- result of P * G from upper bank of BRAM. 26 clock cycles to finish multiplication, 26 clock cycles to unload---------------
 
---------------BEGINNING OF SECTION (See end of Section for details)---------------
5182      5828      4628      6466      
16682     13750     15124     11808     
18988     26898     22318     24420     
33716     26168     37114     30886     
--------------- result of R * G from lower bank of BRAM. 26 clock cycles to finish multiplication, 26 clock cycles to unload---------------
 
 ---------------BEGINNING OF SECTION (See end of Section for details)---------------
1         2         3         4         
8         5         6         7         
11        12        9         10        
14        15        16        13        
--------------- Data loaded into BRAM. 27 clock cycles to load,26 clock cycles to unload---------------
 
---------------BEGINNING OF SECTION (See end of Section for details)---------------
14        14        10        13        
26        7         12        24        
22        33        38        20        
33        19        24        18        
--------------- result of P + G from upper bank of BRAM. 26 clock cycles to finish addition, 26 clock cycles to unload---------------
 
---------------BEGINNING OF SECTION (See end of Section for details)---------------
27        26        17        22        
44        9         18        41        
33        54        67        30        
52        23        32        23        
--------------- result of R + G from lower bank of BRAM. 26 clock cycles to finish addition, 26 clock cycles to unload---------------
 
---------------BEGINNING OF SECTION (See end of Section for details)---------------
1         2         3         4         
8         5         6         7         
11        12        9         10        
14        15        16        13        
--------------- result of R - G from lower bank of BRAM. 26 clock cycles to finish subtraction, 26 clock cycles to unload---------------
 
---------------BEGINNING OF SECTION (See end of Section for details)---------------
1         2         3         4         
8         5         6         7         
11        12        9         10        
14        15        16        13        
--------------- result of R - G from lower bank of BRAM. 26 clock cycles to finish subtraction, 26 clock cycles to unload---------------
 
